registering event source with poller: token=Token(0), interests=READABLE
registering event source with poller: token=Token(1), interests=READABLE
after_string: ]
registering event source with poller: token=Token(0), interests=READABLE
registering event source with poller: token=Token(1), interests=READABLE
after string: ""
registering event source with poller: token=Token(0), interests=READABLE
registering event source with poller: token=Token(1), interests=READABLE
before_string: "{"
before_string: ""
before_string: "a"
before_string: "a"
before_string: ""
before_string: "a"
before_string: ""
before_string: "{"
before_string: ""
registering event source with poller: token=Token(0), interests=READABLE
registering event source with poller: token=Token(1), interests=READABLE
before_string: "{}"
before_string: ""
registering event source with poller: token=Token(0), interests=READABLE
registering event source with poller: token=Token(1), interests=READABLE
before_string: "{"
before_string: "}"
before_string: "["
before_string: "]"
before_string: "["
before_string: "    "
before_string: "]"
before_string: ""
before_string: "["
before_string: "]"
before_string: "{"
registering event source with poller: token=Token(0), interests=READABLE
registering event source with poller: token=Token(1), interests=READABLE
registering event source with poller: token=Token(0), interests=READABLE
registering event source with poller: token=Token(1), interests=READABLE
registering event source with poller: token=Token(0), interests=READABLE
registering event source with poller: token=Token(1), interests=READABLE
registering event source with poller: token=Token(0), interests=READABLE
registering event source with poller: token=Token(1), interests=READABLE
registering event source with poller: token=Token(0), interests=READABLE
registering event source with poller: token=Token(1), interests=READABLE
registering event source with poller: token=Token(0), interests=READABLE
registering event source with poller: token=Token(1), interests=READABLE
registering event source with poller: token=Token(0), interests=READABLE
registering event source with poller: token=Token(1), interests=READABLE
registering event source with poller: token=Token(0), interests=READABLE
registering event source with poller: token=Token(1), interests=READABLE
